Classic Timing Analyzer report for wyjscie
Wed Apr 28 21:24:03 2010
Quartus II Version 9.1 Build 304 01/25/2010 Service Pack 1 SJ Web Edition


---------------------
; Table of Contents ;
---------------------
  1. Legal Notice
  2. Timing Analyzer Summary
  3. Timing Analyzer Settings
  4. Parallel Compilation
  5. tpd
  6. Timing Analyzer Messages



----------------
; Legal Notice ;
----------------
Copyright (C) 1991-2010 Altera Corporation
Your use of Altera Corporation's design tools, logic functions 
and other software and tools, and its AMPP partner logic 
functions, and any output files from any of the foregoing 
(including device programming or simulation files), and any 
associated documentation or information are expressly subject 
to the terms and conditions of the Altera Program License 
Subscription Agreement, Altera MegaCore Function License 
Agreement, or other applicable license agreement, including, 
without limitation, that your use is for the sole purpose of 
programming logic devices manufactured by Altera and sold by 
Altera or its authorized distributors.  Please refer to the 
applicable agreement for further details.



+----------------------------------------------------------------------------------------------------------------------------+
; Timing Analyzer Summary                                                                                                    ;
+------------------------------+-------+---------------+-------------+--------+-------+------------+----------+--------------+
; Type                         ; Slack ; Required Time ; Actual Time ; From   ; To    ; From Clock ; To Clock ; Failed Paths ;
+------------------------------+-------+---------------+-------------+--------+-------+------------+----------+--------------+
; Worst-case tpd               ; N/A   ; None          ; 10.310 ns   ; SEL[0] ; Y1[6] ; --         ; --       ; 0            ;
; Total number of failed paths ;       ;               ;             ;        ;       ;            ;          ; 0            ;
+------------------------------+-------+---------------+-------------+--------+-------+------------+----------+--------------+


+-----------------------------------------------------------------------------------------------------------------------------------------------------+
; Timing Analyzer Settings                                                                                                                            ;
+------------------------------------------------------------------------------------------------------+--------------------+------+----+-------------+
; Option                                                                                               ; Setting            ; From ; To ; Entity Name ;
+------------------------------------------------------------------------------------------------------+--------------------+------+----+-------------+
; Device Name                                                                                          ; EP2S15F484C3       ;      ;    ;             ;
; Timing Models                                                                                        ; Final              ;      ;    ;             ;
; Default hold multicycle                                                                              ; Same as Multicycle ;      ;    ;             ;
; Cut paths between unrelated clock domains                                                            ; On                 ;      ;    ;             ;
; Cut off read during write signal paths                                                               ; On                 ;      ;    ;             ;
; Cut off feedback from I/O pins                                                                       ; On                 ;      ;    ;             ;
; Report Combined Fast/Slow Timing                                                                     ; Off                ;      ;    ;             ;
; Ignore Clock Settings                                                                                ; Off                ;      ;    ;             ;
; Analyze latches as synchronous elements                                                              ; On                 ;      ;    ;             ;
; Enable Recovery/Removal analysis                                                                     ; Off                ;      ;    ;             ;
; Enable Clock Latency                                                                                 ; Off                ;      ;    ;             ;
; Use TimeQuest Timing Analyzer                                                                        ; Off                ;      ;    ;             ;
; Number of source nodes to report per destination node                                                ; 10                 ;      ;    ;             ;
; Number of destination nodes to report                                                                ; 10                 ;      ;    ;             ;
; Number of paths to report                                                                            ; 200                ;      ;    ;             ;
; Report Minimum Timing Checks                                                                         ; Off                ;      ;    ;             ;
; Use Fast Timing Models                                                                               ; Off                ;      ;    ;             ;
; Report IO Paths Separately                                                                           ; Off                ;      ;    ;             ;
; Perform Multicorner Analysis                                                                         ; On                 ;      ;    ;             ;
; Reports the worst-case path for each clock domain and analysis                                       ; Off                ;      ;    ;             ;
; Reports worst-case timing paths for each clock domain and analysis                                   ; Off                ;      ;    ;             ;
; Specifies the maximum number of worst-case timing paths to report for each clock domain and analysis ; 100                ;      ;    ;             ;
; Removes common clock path pessimism (CCPP) during slack computation                                  ; Off                ;      ;    ;             ;
; Output I/O Timing Endpoint                                                                           ; Near End           ;      ;    ;             ;
+------------------------------------------------------------------------------------------------------+--------------------+------+----+-------------+


Parallel compilation was disabled, but you have multiple processors available. Enable parallel compilation to reduce compilation time.
+-------------------------------------+
; Parallel Compilation                ;
+----------------------------+--------+
; Processors                 ; Number ;
+----------------------------+--------+
; Number detected on machine ; 2      ;
; Maximum allowed            ; 1      ;
+----------------------------+--------+


+---------------------------------------------------------------+
; tpd                                                           ;
+-------+-------------------+-----------------+---------+-------+
; Slack ; Required P2P Time ; Actual P2P Time ; From    ; To    ;
+-------+-------------------+-----------------+---------+-------+
; N/A   ; None              ; 10.310 ns       ; SEL[0]  ; Y1[6] ;
; N/A   ; None              ; 10.074 ns       ; SEL[0]  ; Y1[3] ;
; N/A   ; None              ; 9.906 ns        ; SEL[0]  ; Y1[7] ;
; N/A   ; None              ; 9.733 ns        ; Wej[6]  ; Y1[6] ;
; N/A   ; None              ; 9.587 ns        ; Wej[15] ; Y1[7] ;
; N/A   ; None              ; 9.577 ns        ; Wej[14] ; Y1[6] ;
; N/A   ; None              ; 9.395 ns        ; Wej[3]  ; Y1[3] ;
; N/A   ; None              ; 9.239 ns        ; Wej[11] ; Y1[3] ;
; N/A   ; None              ; 9.155 ns        ; SEL[0]  ; Y1[2] ;
; N/A   ; None              ; 8.950 ns        ; Wej[7]  ; Y1[7] ;
; N/A   ; None              ; 8.803 ns        ; Wej[2]  ; Y1[2] ;
; N/A   ; None              ; 8.592 ns        ; SEL[0]  ; Y1[5] ;
; N/A   ; None              ; 8.590 ns        ; SEL[0]  ; Y1[1] ;
; N/A   ; None              ; 8.464 ns        ; Wej[10] ; Y1[2] ;
; N/A   ; None              ; 8.448 ns        ; Wej[5]  ; Y1[5] ;
; N/A   ; None              ; 8.372 ns        ; SEL[0]  ; Y1[4] ;
; N/A   ; None              ; 8.230 ns        ; Wej[0]  ; Y1[0] ;
; N/A   ; None              ; 8.216 ns        ; SEL[0]  ; Y1[0] ;
; N/A   ; None              ; 8.014 ns        ; Wej[1]  ; Y1[1] ;
; N/A   ; None              ; 7.783 ns        ; Wej[13] ; Y1[5] ;
; N/A   ; None              ; 7.668 ns        ; Wej[9]  ; Y1[1] ;
; N/A   ; None              ; 7.424 ns        ; Wej[4]  ; Y1[4] ;
; N/A   ; None              ; 7.400 ns        ; Wej[12] ; Y1[4] ;
; N/A   ; None              ; 7.191 ns        ; Wej[8]  ; Y1[0] ;
+-------+-------------------+-----------------+---------+-------+


+--------------------------+
; Timing Analyzer Messages ;
+--------------------------+
Info: *******************************************************************
Info: Running Quartus II Classic Timing Analyzer
    Info: Version 9.1 Build 304 01/25/2010 Service Pack 1 SJ Web Edition
    Info: Processing started: Wed Apr 28 21:24:02 2010
Info: Command: quartus_tan --read_settings_files=off --write_settings_files=off wyjscie -c wyjscie --timing_analysis_only
Info: Longest tpd from source pin "SEL[0]" to destination pin "Y1[6]" is 10.310 ns
    Info: 1: + IC(0.000 ns) + CELL(0.790 ns) = 0.790 ns; Loc. = PIN_N7; Fanout = 8; PIN Node = 'SEL[0]'
    Info: 2: + IC(4.582 ns) + CELL(0.366 ns) = 5.738 ns; Loc. = LCCOMB_X22_Y1_N12; Fanout = 1; COMB Node = 'Y1~6'
    Info: 3: + IC(2.526 ns) + CELL(2.046 ns) = 10.310 ns; Loc. = PIN_B10; Fanout = 0; PIN Node = 'Y1[6]'
    Info: Total cell delay = 3.202 ns ( 31.06 % )
    Info: Total interconnect delay = 7.108 ns ( 68.94 % )
Info: Quartus II Classic Timing Analyzer was successful. 0 errors, 0 warnings
    Info: Peak virtual memory: 131 megabytes
    Info: Processing ended: Wed Apr 28 21:24:06 2010
    Info: Elapsed time: 00:00:04
    Info: Total CPU time (on all processors): 00:00:01


