Flow report for arytrometr
Sat May 29 20:21:36 2010
Quartus II Version 9.1 Build 304 01/25/2010 Service Pack 1 SJ Web Edition


---------------------
; Table of Contents ;
---------------------
  1. Legal Notice
  2. Flow Summary
  3. Flow Settings
  4. Flow Non-Default Global Settings
  5. Flow Elapsed Time
  6. Flow OS Summary
  7. Flow Log



----------------
; Legal Notice ;
----------------
Copyright (C) 1991-2010 Altera Corporation
Your use of Altera Corporation's design tools, logic functions 
and other software and tools, and its AMPP partner logic 
functions, and any output files from any of the foregoing 
(including device programming or simulation files), and any 
associated documentation or information are expressly subject 
to the terms and conditions of the Altera Program License 
Subscription Agreement, Altera MegaCore Function License 
Agreement, or other applicable license agreement, including, 
without limitation, that your use is for the sole purpose of 
programming logic devices manufactured by Altera and sold by 
Altera or its authorized distributors.  Please refer to the 
applicable agreement for further details.



+-----------------------------------------------------------------------------------+
; Flow Summary                                                                      ;
+------------------------------------+----------------------------------------------+
; Flow Status                        ; Successful - Sat May 29 20:21:08 2010        ;
; Quartus II Version                 ; 9.1 Build 304 01/25/2010 SP 1 SJ Web Edition ;
; Revision Name                      ; arytrometr                                   ;
; Top-level Entity Name              ; arytrometr                                   ;
; Family                             ; Cyclone III                                  ;
; Met timing requirements            ; N/A                                          ;
; Total logic elements               ; 370 / 5,136 ( 7 % )                          ;
;     Total combinational functions  ; 369 / 5,136 ( 7 % )                          ;
;     Dedicated logic registers      ; 5 / 5,136 ( < 1 % )                          ;
; Total registers                    ; 5                                            ;
; Total pins                         ; 26 / 183 ( 14 % )                            ;
; Total virtual pins                 ; 0                                            ;
; Total memory bits                  ; 0 / 423,936 ( 0 % )                          ;
; Embedded Multiplier 9-bit elements ; 2 / 46 ( 4 % )                               ;
; Total PLLs                         ; 0 / 2 ( 0 % )                                ;
; Device                             ; EP3C5F256C6                                  ;
; Timing Models                      ; Final                                        ;
+------------------------------------+----------------------------------------------+


+-----------------------------------------+
; Flow Settings                           ;
+-------------------+---------------------+
; Option            ; Setting             ;
+-------------------+---------------------+
; Start date & time ; 05/29/2010 20:15:37 ;
; Main task         ; Compilation         ;
; Revision Name     ; arytrometr          ;
+-------------------+---------------------+


+------------------------------------------------------------------------------------------------------------------+
; Flow Non-Default Global Settings                                                                                 ;
+------------------------------------+------------------------------+---------------+-------------+----------------+
; Assignment Name                    ; Value                        ; Default Value ; Entity Name ; Section Id     ;
+------------------------------------+------------------------------+---------------+-------------+----------------+
; COMPILER_SIGNATURE_ID              ; 133664505423.127515693501924 ; --            ; --          ; --             ;
; IP_TOOL_NAME                       ; LPM_ADD_SUB                  ; --            ; --          ; --             ;
; IP_TOOL_NAME                       ; LPM_MUX                      ; --            ; --          ; --             ;
; IP_TOOL_NAME                       ; LPM_ADD_SUB                  ; --            ; --          ; --             ;
; IP_TOOL_NAME                       ; LPM_COUNTER                  ; --            ; --          ; --             ;
; IP_TOOL_NAME                       ; LPM_MULT                     ; --            ; --          ; --             ;
; IP_TOOL_NAME                       ; ALTMULT_ADD                  ; --            ; --          ; --             ;
; IP_TOOL_NAME                       ; LPM_ADD_SUB                  ; --            ; --          ; --             ;
; IP_TOOL_NAME                       ; LPM_CLSHIFT                  ; --            ; --          ; --             ;
; IP_TOOL_NAME                       ; LPM_CLSHIFT                  ; --            ; --          ; --             ;
; IP_TOOL_NAME                       ; LPM_CLSHIFT                  ; --            ; --          ; --             ;
; IP_TOOL_NAME                       ; ALTDDIO_IN                   ; --            ; --          ; --             ;
; IP_TOOL_NAME                       ; LPM_RAM_DP+                  ; --            ; --          ; --             ;
; IP_TOOL_NAME                       ; LPM_DECODE                   ; --            ; --          ; --             ;
; IP_TOOL_VERSION                    ; 9.1                          ; --            ; --          ; --             ;
; IP_TOOL_VERSION                    ; 9.1                          ; --            ; --          ; --             ;
; IP_TOOL_VERSION                    ; 9.1                          ; --            ; --          ; --             ;
; IP_TOOL_VERSION                    ; 9.1                          ; --            ; --          ; --             ;
; IP_TOOL_VERSION                    ; 9.1                          ; --            ; --          ; --             ;
; IP_TOOL_VERSION                    ; 9.1                          ; --            ; --          ; --             ;
; IP_TOOL_VERSION                    ; 9.1                          ; --            ; --          ; --             ;
; IP_TOOL_VERSION                    ; 9.1                          ; --            ; --          ; --             ;
; IP_TOOL_VERSION                    ; 9.1                          ; --            ; --          ; --             ;
; IP_TOOL_VERSION                    ; 9.1                          ; --            ; --          ; --             ;
; IP_TOOL_VERSION                    ; 9.1                          ; --            ; --          ; --             ;
; IP_TOOL_VERSION                    ; 9.1                          ; --            ; --          ; --             ;
; IP_TOOL_VERSION                    ; 9.1                          ; --            ; --          ; --             ;
; MISC_FILE                          ; lpm_add.bsf                  ; --            ; --          ; --             ;
; MISC_FILE                          ; lpm_add.cmp                  ; --            ; --          ; --             ;
; MISC_FILE                          ; lpm_mux0.bsf                 ; --            ; --          ; --             ;
; MISC_FILE                          ; lpm_mux0.cmp                 ; --            ; --          ; --             ;
; MISC_FILE                          ; lpm_sub.bsf                  ; --            ; --          ; --             ;
; MISC_FILE                          ; lpm_sub.cmp                  ; --            ; --          ; --             ;
; MISC_FILE                          ; lpm_counter0.bsf             ; --            ; --          ; --             ;
; MISC_FILE                          ; lpm_counter0.cmp             ; --            ; --          ; --             ;
; MISC_FILE                          ; lpm_mult0.bsf                ; --            ; --          ; --             ;
; MISC_FILE                          ; lpm_mult0.cmp                ; --            ; --          ; --             ;
; MISC_FILE                          ; altmult_add0.bsf             ; --            ; --          ; --             ;
; MISC_FILE                          ; altmult_add0.cmp             ; --            ; --          ; --             ;
; MISC_FILE                          ; lpm_add_sub0.bsf             ; --            ; --          ; --             ;
; MISC_FILE                          ; lpm_add_sub0.cmp             ; --            ; --          ; --             ;
; MISC_FILE                          ; lpm_clshift0.bsf             ; --            ; --          ; --             ;
; MISC_FILE                          ; lpm_clshift0_bb.v            ; --            ; --          ; --             ;
; MISC_FILE                          ; lpm_clshift0.cmp             ; --            ; --          ; --             ;
; MISC_FILE                          ; lpm_clshift1.bsf             ; --            ; --          ; --             ;
; MISC_FILE                          ; lpm_clshift1.cmp             ; --            ; --          ; --             ;
; MISC_FILE                          ; lpm_clshift2.bsf             ; --            ; --          ; --             ;
; MISC_FILE                          ; lpm_clshift2.cmp             ; --            ; --          ; --             ;
; MISC_FILE                          ; altddio_in0.bsf              ; --            ; --          ; --             ;
; MISC_FILE                          ; altddio_in0.cmp              ; --            ; --          ; --             ;
; MISC_FILE                          ; altddio_in0.ppf              ; --            ; --          ; --             ;
; MISC_FILE                          ; altdpram0.bsf                ; --            ; --          ; --             ;
; MISC_FILE                          ; altdpram0.cmp                ; --            ; --          ; --             ;
; MISC_FILE                          ; lpm_decode0.bsf              ; --            ; --          ; --             ;
; MISC_FILE                          ; lpm_decode0.cmp              ; --            ; --          ; --             ;
; PARTITION_COLOR                    ; 16764057                     ; --            ; --          ; Top            ;
; PARTITION_NETLIST_TYPE             ; SOURCE                       ; --            ; --          ; Top            ;
; USE_GENERATED_PHYSICAL_CONSTRAINTS ; Off                          ; --            ; --          ; eda_blast_fpga ;
+------------------------------------+------------------------------+---------------+-------------+----------------+


+-------------------------------------------------------------------------------------------------------------------------------+
; Flow Elapsed Time                                                                                                             ;
+---------------------------+--------------+-------------------------+---------------------+------------------------------------+
; Module Name               ; Elapsed Time ; Average Processors Used ; Peak Virtual Memory ; Total CPU Time (on all processors) ;
+---------------------------+--------------+-------------------------+---------------------+------------------------------------+
; Analysis & Synthesis      ; 00:01:06     ; 1.0                     ; 206 MB              ; 00:00:17                           ;
; Fitter                    ; 00:00:54     ; 1.0                     ; 224 MB              ; 00:00:15                           ;
; TimeQuest Timing Analyzer ; 00:01:19     ; 1.0                     ; 171 MB              ; 00:00:07                           ;
; Assembler                 ; 00:00:49     ; 1.0                     ; 172 MB              ; 00:00:04                           ;
; Total                     ; 00:03:19     ; --                      ; --                  ; 00:00:39                           ;
+---------------------------+--------------+-------------------------+---------------------+------------------------------------+


+-----------------------------------------------------------------------------------------+
; Flow OS Summary                                                                         ;
+---------------------------+------------------+------------+------------+----------------+
; Module Name               ; Machine Hostname ; OS Name    ; OS Version ; Processor type ;
+---------------------------+------------------+------------+------------+----------------+
; Analysis & Synthesis      ; donor-f5e3e0ede  ; Windows XP ; 5.1        ; i1586          ;
; Fitter                    ; donor-f5e3e0ede  ; Windows XP ; 5.1        ; i1586          ;
; Assembler                 ; donor-f5e3e0ede  ; Windows XP ; 5.1        ; i1586          ;
; TimeQuest Timing Analyzer ; donor-f5e3e0ede  ; Windows XP ; 5.1        ; i1586          ;
+---------------------------+------------------+------------+------------+----------------+


------------
; Flow Log ;
------------
quartus_map --read_settings_files=on --write_settings_files=off arytrometr -c arytrometr
quartus_fit --read_settings_files=off --write_settings_files=off arytrometr -c arytrometr
quartus_asm --read_settings_files=off --write_settings_files=off arytrometr -c arytrometr
quartus_sta arytrometr -c arytrometr



