Classic Timing Analyzer report for swap
Wed Apr 28 23:20:56 2010
Quartus II Version 9.1 Build 304 01/25/2010 Service Pack 1 SJ Web Edition


---------------------
; Table of Contents ;
---------------------
  1. Legal Notice
  2. Timing Analyzer Summary
  3. Timing Analyzer Settings
  4. Parallel Compilation
  5. tpd
  6. Timing Analyzer Messages



----------------
; Legal Notice ;
----------------
Copyright (C) 1991-2010 Altera Corporation
Your use of Altera Corporation's design tools, logic functions 
and other software and tools, and its AMPP partner logic 
functions, and any output files from any of the foregoing 
(including device programming or simulation files), and any 
associated documentation or information are expressly subject 
to the terms and conditions of the Altera Program License 
Subscription Agreement, Altera MegaCore Function License 
Agreement, or other applicable license agreement, including, 
without limitation, that your use is for the sole purpose of 
programming logic devices manufactured by Altera and sold by 
Altera or its authorized distributors.  Please refer to the 
applicable agreement for further details.



+--------------------------------------------------------------------------------------------------------------------------------+
; Timing Analyzer Summary                                                                                                        ;
+------------------------------+-------+---------------+-------------+------+-------------+------------+----------+--------------+
; Type                         ; Slack ; Required Time ; Actual Time ; From ; To          ; From Clock ; To Clock ; Failed Paths ;
+------------------------------+-------+---------------+-------------+------+-------------+------------+----------+--------------+
; Worst-case tpd               ; N/A   ; None          ; 7.382 ns    ; A[4] ; SWAPWyj[12] ; --         ; --       ; 0            ;
; Total number of failed paths ;       ;               ;             ;      ;             ;            ;          ; 0            ;
+------------------------------+-------+---------------+-------------+------+-------------+------------+----------+--------------+


+-----------------------------------------------------------------------------------------------------------------------------------------------------+
; Timing Analyzer Settings                                                                                                                            ;
+------------------------------------------------------------------------------------------------------+--------------------+------+----+-------------+
; Option                                                                                               ; Setting            ; From ; To ; Entity Name ;
+------------------------------------------------------------------------------------------------------+--------------------+------+----+-------------+
; Device Name                                                                                          ; EP2S15F484C3       ;      ;    ;             ;
; Timing Models                                                                                        ; Final              ;      ;    ;             ;
; Default hold multicycle                                                                              ; Same as Multicycle ;      ;    ;             ;
; Cut paths between unrelated clock domains                                                            ; On                 ;      ;    ;             ;
; Cut off read during write signal paths                                                               ; On                 ;      ;    ;             ;
; Cut off feedback from I/O pins                                                                       ; On                 ;      ;    ;             ;
; Report Combined Fast/Slow Timing                                                                     ; Off                ;      ;    ;             ;
; Ignore Clock Settings                                                                                ; Off                ;      ;    ;             ;
; Analyze latches as synchronous elements                                                              ; On                 ;      ;    ;             ;
; Enable Recovery/Removal analysis                                                                     ; Off                ;      ;    ;             ;
; Enable Clock Latency                                                                                 ; Off                ;      ;    ;             ;
; Use TimeQuest Timing Analyzer                                                                        ; Off                ;      ;    ;             ;
; Number of source nodes to report per destination node                                                ; 10                 ;      ;    ;             ;
; Number of destination nodes to report                                                                ; 10                 ;      ;    ;             ;
; Number of paths to report                                                                            ; 200                ;      ;    ;             ;
; Report Minimum Timing Checks                                                                         ; Off                ;      ;    ;             ;
; Use Fast Timing Models                                                                               ; Off                ;      ;    ;             ;
; Report IO Paths Separately                                                                           ; Off                ;      ;    ;             ;
; Perform Multicorner Analysis                                                                         ; On                 ;      ;    ;             ;
; Reports the worst-case path for each clock domain and analysis                                       ; Off                ;      ;    ;             ;
; Reports worst-case timing paths for each clock domain and analysis                                   ; Off                ;      ;    ;             ;
; Specifies the maximum number of worst-case timing paths to report for each clock domain and analysis ; 100                ;      ;    ;             ;
; Removes common clock path pessimism (CCPP) during slack computation                                  ; Off                ;      ;    ;             ;
; Output I/O Timing Endpoint                                                                           ; Near End           ;      ;    ;             ;
+------------------------------------------------------------------------------------------------------+--------------------+------+----+-------------+


Parallel compilation was disabled, but you have multiple processors available. Enable parallel compilation to reduce compilation time.
+-------------------------------------+
; Parallel Compilation                ;
+----------------------------+--------+
; Processors                 ; Number ;
+----------------------------+--------+
; Number detected on machine ; 2      ;
; Maximum allowed            ; 1      ;
+----------------------------+--------+


+-------------------------------------------------------------------+
; tpd                                                               ;
+-------+-------------------+-----------------+-------+-------------+
; Slack ; Required P2P Time ; Actual P2P Time ; From  ; To          ;
+-------+-------------------+-----------------+-------+-------------+
; N/A   ; None              ; 7.382 ns        ; A[4]  ; SWAPWyj[12] ;
; N/A   ; None              ; 7.095 ns        ; A[3]  ; SWAPWyj[11] ;
; N/A   ; None              ; 6.901 ns        ; A[12] ; SWAPWyj[4]  ;
; N/A   ; None              ; 6.885 ns        ; A[8]  ; SWAPWyj[0]  ;
; N/A   ; None              ; 6.863 ns        ; A[1]  ; SWAPWyj[9]  ;
; N/A   ; None              ; 6.861 ns        ; A[10] ; SWAPWyj[2]  ;
; N/A   ; None              ; 6.847 ns        ; A[9]  ; SWAPWyj[1]  ;
; N/A   ; None              ; 6.758 ns        ; A[6]  ; SWAPWyj[14] ;
; N/A   ; None              ; 6.657 ns        ; A[11] ; SWAPWyj[3]  ;
; N/A   ; None              ; 6.608 ns        ; A[2]  ; SWAPWyj[10] ;
; N/A   ; None              ; 6.604 ns        ; A[7]  ; SWAPWyj[15] ;
; N/A   ; None              ; 6.597 ns        ; A[13] ; SWAPWyj[5]  ;
; N/A   ; None              ; 6.592 ns        ; A[5]  ; SWAPWyj[13] ;
; N/A   ; None              ; 6.588 ns        ; A[0]  ; SWAPWyj[8]  ;
; N/A   ; None              ; 6.588 ns        ; A[14] ; SWAPWyj[6]  ;
; N/A   ; None              ; 6.548 ns        ; A[15] ; SWAPWyj[7]  ;
+-------+-------------------+-----------------+-------+-------------+


+--------------------------+
; Timing Analyzer Messages ;
+--------------------------+
Info: *******************************************************************
Info: Running Quartus II Classic Timing Analyzer
    Info: Version 9.1 Build 304 01/25/2010 Service Pack 1 SJ Web Edition
    Info: Processing started: Wed Apr 28 23:20:55 2010
Info: Command: quartus_tan --read_settings_files=off --write_settings_files=off swap -c swap --timing_analysis_only
Info: Longest tpd from source pin "A[4]" to destination pin "SWAPWyj[12]" is 7.382 ns
    Info: 1: + IC(0.000 ns) + CELL(0.867 ns) = 0.867 ns; Loc. = PIN_A19; Fanout = 1; PIN Node = 'A[4]'
    Info: 2: + IC(4.523 ns) + CELL(1.992 ns) = 7.382 ns; Loc. = PIN_A16; Fanout = 0; PIN Node = 'SWAPWyj[12]'
    Info: Total cell delay = 2.859 ns ( 38.73 % )
    Info: Total interconnect delay = 4.523 ns ( 61.27 % )
Info: Quartus II Classic Timing Analyzer was successful. 0 errors, 0 warnings
    Info: Peak virtual memory: 131 megabytes
    Info: Processing ended: Wed Apr 28 23:20:58 2010
    Info: Elapsed time: 00:00:03
    Info: Total CPU time (on all processors): 00:00:01


